Arguments: 
  /Users/gilsunshine/.nvm/versions/node/v6.11.2/bin/node /usr/local/Cellar/yarn/1.5.1_1/libexec/bin/yarn.js start

PATH: 
  /Library/Frameworks/Python.framework/Versions/2.7/bin:/Users/gilsunshine/anaconda2/bin:/Library/Frameworks/Python.framework/Versions/2.7/bin:/Library/Frameworks/Python.framework/Versions/3.6/bin:/Library/Frameworks/Python.framework/Versions/3.6/bin:/Users/gilsunshine/.nvm/versions/node/v6.11.2/bin:/Users/gilsunshine/.rvm/gems/ruby-2.3.3/bin:/Users/gilsunshine/.rvm/gems/ruby-2.3.3@global/bin:/Users/gilsunshine/.rvm/rubies/ruby-2.3.3/bin:/Applications/Postgres.app/Contents/Versions/latest/bin:/usr/local:/usr/local/bin:/usr/local/sbin:/usr/bin:/usr/local/bin:/usr/bin:/bin:/usr/sbin:/sbin:/Applications/Postgres.app/Contents/Versions/latest/bin:/Users/gilsunshine/.rvm/bin

Yarn version: 
  1.5.1

Node version: 
  6.11.2

Platform: 
  darwin x64

npm manifest: 
  {
    "name": "stuff",
    "version": "0.1.0",
    "private": true,
    "devDependencies": {
      "babel-preset-env": "^1.6.0",
      "extract-text-webpack-plugin": "^3.0.1",
      "html-webpack-plugin": "^2.30.1",
      "jsdom": "^9.9.1",
      "mocha": "^3.2.0",
      "react-scripts": "1.0.14",
      "sinon": "^1.17.6",
      "webpack": "^3.6.0",
      "webpack-dev-server": "^2.9.1"
    },
    "dependencies": {
      "babel-core": "^6.22.1",
      "babel-loader": "^7.1.2",
      "babel-preset-airbnb": "^2.1.1",
      "babel-preset-env": "^1.6.0",
      "babel-preset-react": "^6.22.0",
      "babel-preset-stage-1": "^6.24.1",
      "chai": "^3.5.0",
      "cuid": "^1.3.8",
      "enzyme": "^3.1.0",
      "enzyme-adapter-react-16": "^1.0.1",
      "expect": "^21.2.1",
      "jquery": "^3.1.1",
      "marked": "^0.3.6",
      "react": "^16.0.0 ",
      "react-dom": "^16.0.0 ",
      "react-router-dom": "^4.2.2",
      "react-test-renderer": "^16.0.0",
      "sinon": "^1.17.7",
      "superagent": "^3.3.2"
    },
    "scripts": {
      "start": "react-scripts start",
      "build": "react-scripts build",
      "test": "mocha test/root.js test/*.js",
      "dev:hot": "webpack-dev-server --hot --inline --progress --colors --watch --display-error-details --display-cached --content-base ./",
      "test:watch": "npm run test -- --watch",
      "eject": "react-scripts eject"
    }
  }

yarn manifest: 
  No manifest

Lockfile: 
  No lockfile

Trace: 
  Error: Command failed.
  Exit code: 127
  Command: sh
  Arguments: -c react-scripts start
  Directory: /Users/gilsunshine/dev/labs/mod-4/react-components-as-routes-lab-web-012918
  Output:
  
      at ProcessTermError.Error (native)
      at ProcessTermError.MessageError (/usr/local/Cellar/yarn/1.5.1_1/libexec/lib/cli.js:186:110)
      at new ProcessTermError (/usr/local/Cellar/yarn/1.5.1_1/libexec/lib/cli.js:226:113)
      at ChildProcess.<anonymous> (/usr/local/Cellar/yarn/1.5.1_1/libexec/lib/cli.js:30281:17)
      at emitTwo (events.js:106:13)
      at ChildProcess.emit (events.js:191:7)
      at maybeClose (internal/child_process.js:891:16)
      at Process.ChildProcess._handle.onexit (internal/child_process.js:226:5)
